<?xml version="1.0" encoding="UTF-8"?>
<!-- Generated by org.testng.reporters.JUnitReportReporter -->
<testsuite hostname="Bullet-Sameer1998" failures="0" tests="1" name="Vtiger.CreateProductTest" time="0.010" errors="0" timestamp="2021-12-10T16:56:51 IST" skipped="0">
  <testcase classname="Vtiger.CreateProductTest" name="createProduct" time="0.010"/>
  <system-out/>
</testsuite> <!-- Vtiger.CreateProductTest -->
